Using pre-set license
Built from '6000.0/respin/6000.0.51f1-a206c6c19c75' branch; Version is '6000.0.51f1 (01c3ff5872c5) revision 115711'; Using compiler version '193933523'; Build Type 'Release'
OS: 'Windows 11  (10.0.26100) 64bit CoreSingleLanguage' Language: 'tr' Physical Memory: 7948 MB
BatchMode: 1, IsHumanControllingUs: 0, StartBugReporterOnCrash: 0, Is64bit: 1
Date: 2025-07-11T12:07:28Z

COMMAND LINE ARGUMENTS:
C:\Program Files\Unity\Hub\Editor\6000.0.51f1\Editor\Unity.exe
-adb2
-batchMode
-noUpm
-name
AssetImportWorker0
-projectPath
C:/Users/CASPER/OneDrive/Masaüstü/bc/yztabc
-logFile
Logs/AssetImportWorker0.log
-srvPort
50732
-job-worker-count
3
-background-job-worker-count
8
-gc-helper-count
1
Successfully changed project path to: C:/Users/CASPER/OneDrive/Masaüstü/bc/yztabc
C:/Users/CASPER/OneDrive/Masaüstü/bc/yztabc
[UnityMemory] Configuration Parameters - Can be set up in boot.config
    "memorysetup-bucket-allocator-granularity=16"
    "memorysetup-bucket-allocator-bucket-count=8"
    "memorysetup-bucket-allocator-block-size=33554432"
    "memorysetup-bucket-allocator-block-count=8"
    "memorysetup-main-allocator-block-size=16777216"
    "memorysetup-thread-allocator-block-size=16777216"
    "memorysetup-gfx-main-allocator-block-size=16777216"
    "memorysetup-gfx-thread-allocator-block-size=16777216"
    "memorysetup-cache-allocator-block-size=4194304"
    "memorysetup-typetree-allocator-block-size=2097152"
    "memorysetup-profiler-bucket-allocator-granularity=16"
    "memorysetup-profiler-bucket-allocator-bucket-count=8"
    "memorysetup-profiler-bucket-allocator-block-size=33554432"
    "memorysetup-profiler-bucket-allocator-block-count=8"
    "memorysetup-profiler-allocator-block-size=16777216"
    "memorysetup-profiler-editor-allocator-block-size=1048576"
    "memorysetup-temp-allocator-size-main=16777216"
    "memorysetup-job-temp-allocator-block-size=2097152"
    "memorysetup-job-temp-allocator-block-size-background=1048576"
    "memorysetup-job-temp-allocator-reduction-small-platforms=262144"
    "memorysetup-allocator-temp-initial-block-size-main=262144"
    "memorysetup-allocator-temp-initial-block-size-worker=262144"
    "memorysetup-temp-allocator-size-background-worker=32768"
    "memorysetup-temp-allocator-size-job-worker=262144"
    "memorysetup-temp-allocator-size-preload-manager=33554432"
    "memorysetup-temp-allocator-size-nav-mesh-worker=65536"
    "memorysetup-temp-allocator-size-audio-worker=65536"
    "memorysetup-temp-allocator-size-cloud-worker=32768"
    "memorysetup-temp-allocator-size-gi-baking-worker=262144"
    "memorysetup-temp-allocator-size-gi-baking-worker=262144"
    "memorysetup-temp-allocator-size-gi-baking-worker=262144"
    "memorysetup-temp-allocator-size-gi-baking-worker=262144"
    "memorysetup-temp-allocator-size-gi-baking-worker=262144"
    "memorysetup-temp-allocator-size-gfx=262144"
Player connection [16784]  Target information:

Player connection [16784]  * "[IP] 172.16.0.2 [Port] 0 [Flags] 2 [Guid] 3971408505 [EditorId] 3971408505 [Version] 1048832 [Id] WindowsEditor(7,ebc) [Debug] 1 [PackageName] WindowsEditor [ProjectName] Editor" 

Player connection [16784]  * "[IP] 192.168.1.33 [Port] 0 [Flags] 2 [Guid] 3971408505 [EditorId] 3971408505 [Version] 1048832 [Id] WindowsEditor(7,ebc) [Debug] 1 [PackageName] WindowsEditor [ProjectName] Editor" 

Player connection [16784] Host joined multi-casting on [225.0.0.222:54997]...
Player connection [16784] Host joined alternative multi-casting on [225.0.0.222:34997]...
JobSystem: Creating JobQueue using job-worker-count value 3
Input System module state changed to: Initialized.
[Physics::Module] Initialized fallback backend.
[Physics::Module] Id: 0xdecafbad
Library Redirect Path: Library/
[Physics::Module] Selected backend.
[Physics::Module] Name: PhysX
[Physics::Module] Id: 0xf2b8ea05
[Physics::Module] SDK Version: 4.1.2
[Physics::Module] Integration Version: 1.0.0
[Physics::Module] Threading Mode: Multi-Threaded
Refreshing native plugins compatible for Editor in 21.43 ms, found 3 plugins.
Preloading 0 native plugins for Editor in 0.01 ms.
Initialize engine version: 6000.0.51f1 (01c3ff5872c5)
[Subsystems] Discovering subsystems at path C:/Program Files/Unity/Hub/Editor/6000.0.51f1/Editor/Data/Resources/UnitySubsystems
[Subsystems] Discovering subsystems at path C:/Users/CASPER/OneDrive/Masaüstü/bc/yztabc/Assets
GfxDevice: creating device client; kGfxThreadingModeNonThreaded
Direct3D:
    Version:  Direct3D 11.0 [level 11.1]
    Renderer: Intel(R) UHD Graphics (ID=0x8a56)
    Vendor:   Intel
    VRAM:     3974 MB
    Driver:   27.20.100.9365
Initialize mono
Mono path[0] = 'C:/Program Files/Unity/Hub/Editor/6000.0.51f1/Editor/Data/Managed'
Mono path[1] = 'C:/Program Files/Unity/Hub/Editor/6000.0.51f1/Editor/Data/MonoBleedingEdge/lib/mono/unityjit-win32'
Mono config path = 'C:/Program Files/Unity/Hub/Editor/6000.0.51f1/Editor/Data/MonoBleedingEdge/etc'
Using monoOptions --debugger-agent=transport=dt_socket,embedding=1,server=y,suspend=n,address=127.0.0.1:56744
Begin MonoManager ReloadAssembly
Registering precompiled unity dll's ...
Register platform support module: C:/Program Files/Unity/Hub/Editor/6000.0.51f1/Editor/Data/PlaybackEngines/WindowsStandaloneSupport/UnityEditor.WindowsStandalone.Extensions.dll
Register platform support module: C:/Program Files/Unity/Hub/Editor/6000.0.51f1/Editor/Data/PlaybackEngines/AndroidPlayer/UnityEditor.Android.Extensions.dll
Registered in 0.016906 seconds.
- Loaded All Assemblies, in  1.682 seconds
Native extension for Android target not found
Android Extension - Scanning For ADB Devices 903 ms
Native extension for WindowsStandalone target not found
Mono: successfully reloaded assembly
- Finished resetting the current domain, in  2.701 seconds
Domain Reload Profiling: 4376ms
	BeginReloadAssembly (557ms)
		ExecutionOrderSort (0ms)
		DisableScriptedObjects (0ms)
		BackupInstance (0ms)
		ReleaseScriptingObjects (0ms)
		CreateAndSetChildDomain (2ms)
	RebuildCommonClasses (150ms)
	RebuildNativeTypeToScriptingClass (45ms)
	initialDomainReloadingComplete (187ms)
	LoadAllAssembliesAndSetupDomain (735ms)
		LoadAssemblies (555ms)
		RebuildTransferFunctionScriptingTraits (0ms)
		AnalyzeDomain (720ms)
			TypeCache.Refresh (714ms)
				TypeCache.ScanAssembly (671ms)
			BuildScriptInfoCaches (0ms)
			ResolveRequiredComponents (2ms)
	FinalizeReload (2702ms)
		ReleaseScriptCaches (0ms)
		RebuildScriptCaches (0ms)
		SetupLoadedEditorAssemblies (2550ms)
			LogAssemblyErrors (0ms)
			InitializePlatformSupportModulesInManaged (1628ms)
			SetLoadedEditorAssemblies (13ms)
			BeforeProcessingInitializeOnLoad (252ms)
			ProcessInitializeOnLoadAttributes (445ms)
			ProcessInitializeOnLoadMethodAttributes (212ms)
			AfterProcessingInitializeOnLoad (0ms)
			EditorAssembliesLoaded (0ms)
		ExecutionOrderSort2 (0ms)
		AwakeInstancesAfterBackupRestoration (0ms)
========================================================================
Worker process is ready to serve import requests
Import Worker Mode flag is 0x00
Begin MonoManager ReloadAssembly
- Loaded All Assemblies, in  2.868 seconds
Refreshing native plugins compatible for Editor in 4.33 ms, found 3 plugins.
Native extension for Android target not found
Native extension for WindowsStandalone target not found
Mono: successfully reloaded assembly
- Finished resetting the current domain, in  3.543 seconds
Domain Reload Profiling: 6402ms
	BeginReloadAssembly (609ms)
		ExecutionOrderSort (0ms)
		DisableScriptedObjects (24ms)
		BackupInstance (0ms)
		ReleaseScriptingObjects (0ms)
		CreateAndSetChildDomain (88ms)
	RebuildCommonClasses (128ms)
	RebuildNativeTypeToScriptingClass (40ms)
	initialDomainReloadingComplete (116ms)
	LoadAllAssembliesAndSetupDomain (1964ms)
		LoadAssemblies (1502ms)
		RebuildTransferFunctionScriptingTraits (0ms)
		AnalyzeDomain (807ms)
			TypeCache.Refresh (641ms)
				TypeCache.ScanAssembly (588ms)
			BuildScriptInfoCaches (115ms)
			ResolveRequiredComponents (33ms)
	FinalizeReload (3545ms)
		ReleaseScriptCaches (0ms)
		RebuildScriptCaches (0ms)
		SetupLoadedEditorAssemblies (3146ms)
			LogAssemblyErrors (0ms)
			InitializePlatformSupportModulesInManaged (37ms)
			SetLoadedEditorAssemblies (18ms)
			BeforeProcessingInitializeOnLoad (385ms)
			ProcessInitializeOnLoadAttributes (2583ms)
			ProcessInitializeOnLoadMethodAttributes (101ms)
			AfterProcessingInitializeOnLoad (22ms)
			EditorAssembliesLoaded (1ms)
		ExecutionOrderSort2 (0ms)
		AwakeInstancesAfterBackupRestoration (20ms)
Launched and connected shader compiler UnityShaderCompiler.exe after 0.11 seconds
Refreshing native plugins compatible for Editor in 3.75 ms, found 3 plugins.
Preloading 0 native plugins for Editor in 0.00 ms.
Unloading 16 Unused Serialized files (Serialized files now loaded: 0)
Unloading 3829 unused Assets / (1.1 MB). Loaded Objects now: 4334.
Memory consumption went from 90.9 MB to 89.8 MB.
Total: 15.844900 ms (FindLiveObjects: 1.837100 ms CreateObjectMapping: 1.144000 ms MarkObjects: 9.640100 ms  DeleteObjects: 3.217600 ms)

========================================================================
Received Import Request.
  Time since last request: 15824.933555 seconds.
  path: Assets/Dry_Trees/Prefab/Dry7509.prefab
  artifactKey: Guid(0603828da9221ca4a9a54954ff8842ff) Importer(815301076,1909f56bfc062723c751e8b465ee728b)
Start importing Assets/Dry_Trees/Prefab/Dry7509.prefab using Guid(0603828da9221ca4a9a54954ff8842ff) Importer(815301076,1909f56bfc062723c751e8b465ee728b) (PreviewImporter) -> (artifact id: 'c9e9ff909f46ae020c4f6c1d30da19cb') in 0.4075866 seconds
Number of updated asset objects reloaded before import = 0Number of asset objects unloaded after import = 30

========================================================================
Received Import Request.
  Time since last request: 0.000098 seconds.
  path: Assets/Dry_Trees/Prefab/Dry3333.prefab
  artifactKey: Guid(9046dd8040214c0458728201d824c41f) Importer(815301076,1909f56bfc062723c751e8b465ee728b)
Start importing Assets/Dry_Trees/Prefab/Dry3333.prefab using Guid(9046dd8040214c0458728201d824c41f) Importer(815301076,1909f56bfc062723c751e8b465ee728b) (PreviewImporter) -> (artifact id: '79bdc8b3f7eea2326e280b235cb42f89') in 0.068569 seconds
Number of updated asset objects reloaded before import = 0Number of asset objects unloaded after import = 30

========================================================================
Received Import Request.
  Time since last request: 0.000056 seconds.
  path: Assets/Dry_Trees/Prefab/Dry6524.prefab
  artifactKey: Guid(6905bfb07dfcac5489e6daf8e7babe92) Importer(815301076,1909f56bfc062723c751e8b465ee728b)
Start importing Assets/Dry_Trees/Prefab/Dry6524.prefab using Guid(6905bfb07dfcac5489e6daf8e7babe92) Importer(815301076,1909f56bfc062723c751e8b465ee728b) (PreviewImporter) -> (artifact id: 'a2152b12465f1faf08cda91856a13a72') in 0.0700659 seconds
Number of updated asset objects reloaded before import = 0Number of asset objects unloaded after import = 30

========================================================================
Received Import Request.
  Time since last request: 0.000044 seconds.
  path: Assets/Dry_Trees/Prefab
  artifactKey: Guid(237f528977e4a9641a9595a1b55f5e4f) Importer(815301076,1909f56bfc062723c751e8b465ee728b)
Start importing Assets/Dry_Trees/Prefab using Guid(237f528977e4a9641a9595a1b55f5e4f) Importer(815301076,1909f56bfc062723c751e8b465ee728b) (PreviewImporter) -> (artifact id: '0e39af2caacdbad8847a927507f91a48') in 0.00402 seconds
Number of updated asset objects reloaded before import = 0Number of asset objects unloaded after import = 0

========================================================================
Received Import Request.
  Time since last request: 38.498799 seconds.
  path: Assets/Dry_Trees/Model/Dry3333.FBX
  artifactKey: Guid(f12b0b72f2d21d64db13e1bfa8f3ec4f) Importer(815301076,1909f56bfc062723c751e8b465ee728b)
Start importing Assets/Dry_Trees/Model/Dry3333.FBX using Guid(f12b0b72f2d21d64db13e1bfa8f3ec4f) Importer(815301076,1909f56bfc062723c751e8b465ee728b) (PreviewImporter) -> (artifact id: '1346df0fa9b2b79fe1a4740ba57d2ecf') in 0.2592425 seconds
Number of updated asset objects reloaded before import = 0Number of asset objects unloaded after import = 28

========================================================================
Received Import Request.
  Time since last request: 0.000060 seconds.
  path: Assets/Dry_Trees/Model/Dry7509.FBX
  artifactKey: Guid(2a4339fd08e4a774f907817c85495b3b) Importer(815301076,1909f56bfc062723c751e8b465ee728b)
Start importing Assets/Dry_Trees/Model/Dry7509.FBX using Guid(2a4339fd08e4a774f907817c85495b3b) Importer(815301076,1909f56bfc062723c751e8b465ee728b) (PreviewImporter) -> (artifact id: 'c4834edd2ef18c0b97a4950cf19be5a1') in 0.1433234 seconds
Number of updated asset objects reloaded before import = 0Number of asset objects unloaded after import = 28

========================================================================
Received Import Request.
  Time since last request: 0.000044 seconds.
  path: Assets/Dry_Trees/Model/Dry5818.FBX
  artifactKey: Guid(93f27f566ebdec1439fda34a79463ade) Importer(815301076,1909f56bfc062723c751e8b465ee728b)
Start importing Assets/Dry_Trees/Model/Dry5818.FBX using Guid(93f27f566ebdec1439fda34a79463ade) Importer(815301076,1909f56bfc062723c751e8b465ee728b) (PreviewImporter) -> (artifact id: 'a41dc2b453dfb526e3fd073a7f29c93c') in 0.203302 seconds
Number of updated asset objects reloaded before import = 0Number of asset objects unloaded after import = 28

========================================================================
Received Import Request.
  Time since last request: 1.379320 seconds.
  path: Assets/Dry_Trees/Materials/Bark.mat
  artifactKey: Guid(14f732f9f0a9e3d408764155dadf8518) Importer(815301076,1909f56bfc062723c751e8b465ee728b)
Start importing Assets/Dry_Trees/Materials/Bark.mat using Guid(14f732f9f0a9e3d408764155dadf8518) Importer(815301076,1909f56bfc062723c751e8b465ee728b) (PreviewImporter) -> (artifact id: '218ed977d7f2af7166aefdef715340a0') in 0.1359569 seconds
Number of updated asset objects reloaded before import = 0Number of asset objects unloaded after import = 4

========================================================================
Received Import Request.
  Time since last request: 0.000055 seconds.
  path: Assets/Dry_Trees/Materials/Normal.tif
  artifactKey: Guid(12b143840cc45844e81342a74f9374d5) Importer(815301076,1909f56bfc062723c751e8b465ee728b)
Start importing Assets/Dry_Trees/Materials/Normal.tif using Guid(12b143840cc45844e81342a74f9374d5) Importer(815301076,1909f56bfc062723c751e8b465ee728b) (PreviewImporter) -> (artifact id: 'd4bb908ae0dba06ea62f53375b5e87dc') in 0.1208563 seconds
Number of updated asset objects reloaded before import = 0Number of asset objects unloaded after import = 2

========================================================================
Received Import Request.
  Time since last request: 16.366101 seconds.
  path: Assets/Dry_Trees/Demo_Scene/Dry_Tree.unity
  artifactKey: Guid(30611743272ea5d49a3fcc6fbe124767) Importer(815301076,1909f56bfc062723c751e8b465ee728b)
Start importing Assets/Dry_Trees/Demo_Scene/Dry_Tree.unity using Guid(30611743272ea5d49a3fcc6fbe124767) Importer(815301076,1909f56bfc062723c751e8b465ee728b) (PreviewImporter) -> (artifact id: '94a88c9f0d98bc0927edf2f6e3144cf2') in 0.0019881 seconds
Number of updated asset objects reloaded before import = 0Number of asset objects unloaded after import = 0

========================================================================
Received Import Request.
  Time since last request: 88.309899 seconds.
  path: Assets/Scenes
  artifactKey: Guid(9c53962885c2c4f449125a979d6ad240) Importer(815301076,1909f56bfc062723c751e8b465ee728b)
Start importing Assets/Scenes using Guid(9c53962885c2c4f449125a979d6ad240) Importer(815301076,1909f56bfc062723c751e8b465ee728b) (PreviewImporter) -> (artifact id: 'd65b75f456837a3494a5e6e744543932') in 0.0014954 seconds
Number of updated asset objects reloaded before import = 0Number of asset objects unloaded after import = 0

========================================================================
Received Import Request.
  Time since last request: 2.114053 seconds.
  path: Assets/Scenes/City.unity
  artifactKey: Guid(38cc9342045a3ff42b1d2f05668d560f) Importer(815301076,1909f56bfc062723c751e8b465ee728b)
Start importing Assets/Scenes/City.unity using Guid(38cc9342045a3ff42b1d2f05668d560f) Importer(815301076,1909f56bfc062723c751e8b465ee728b) (PreviewImporter) -> (artifact id: 'b4781111551c547733f0cfbcbc62839e') in 0.0008341 seconds
Number of updated asset objects reloaded before import = 0Number of asset objects unloaded after import = 0

========================================================================
Received Import Request.
  Time since last request: 49.637593 seconds.
  path: Assets/YughuesFreeBushes2018/Prefabs
  artifactKey: Guid(0c3e980a12e9f2b41b2129725bd6b5b9) Importer(815301076,1909f56bfc062723c751e8b465ee728b)
Start importing Assets/YughuesFreeBushes2018/Prefabs using Guid(0c3e980a12e9f2b41b2129725bd6b5b9) Importer(815301076,1909f56bfc062723c751e8b465ee728b) (PreviewImporter) -> (artifact id: '7b44cd676db0b339a0ce28e9a101d093') in 0.0014797 seconds
Number of updated asset objects reloaded before import = 0Number of asset objects unloaded after import = 0

========================================================================
Received Import Request.
  Time since last request: 0.145310 seconds.
  path: Assets/YughuesFreeBushes2018/Prefabs/P_Bush01.prefab
  artifactKey: Guid(8109e9e16ba4cc04b8e0928aea897927) Importer(815301076,1909f56bfc062723c751e8b465ee728b)
Start importing Assets/YughuesFreeBushes2018/Prefabs/P_Bush01.prefab using Guid(8109e9e16ba4cc04b8e0928aea897927) Importer(815301076,1909f56bfc062723c751e8b465ee728b) (PreviewImporter) -> (artifact id: '3540337155f84ffc73b1aa9004126b37') in 1.5688163 seconds
Number of updated asset objects reloaded before import = 0Number of asset objects unloaded after import = 34

========================================================================
Received Import Request.
  Time since last request: 146.807356 seconds.
  path: Assets/ViapixGames/HealingItem
  artifactKey: Guid(7201583db3bf27049bc485d9aa8cca7c) Importer(815301076,1909f56bfc062723c751e8b465ee728b)
Start importing Assets/ViapixGames/HealingItem using Guid(7201583db3bf27049bc485d9aa8cca7c) Importer(815301076,1909f56bfc062723c751e8b465ee728b) (PreviewImporter) -> (artifact id: 'a9dafb1e2fb901648c3b6856c8055400') in 0.0039793 seconds
Number of updated asset objects reloaded before import = 0Number of asset objects unloaded after import = 0

========================================================================
Received Import Request.
  Time since last request: 2.224804 seconds.
  path: Assets/ViapixGames/HealingItem/Prefabs
  artifactKey: Guid(201537e24adffb64d8106b7a0fada88d) Importer(815301076,1909f56bfc062723c751e8b465ee728b)
Start importing Assets/ViapixGames/HealingItem/Prefabs using Guid(201537e24adffb64d8106b7a0fada88d) Importer(815301076,1909f56bfc062723c751e8b465ee728b) (PreviewImporter) -> (artifact id: 'dda88b01c17f5b1c36c367c0a6dd1733') in 0.0013842 seconds
Number of updated asset objects reloaded before import = 0Number of asset objects unloaded after import = 0

========================================================================
Received Prepare
Refreshing native plugins compatible for Editor in 3.03 ms, found 3 plugins.
Preloading 0 native plugins for Editor in 0.00 ms.
Unloading 0 Unused Serialized files (Serialized files now loaded: 0)
Unloading 3820 unused Assets / (0.8 MB). Loaded Objects now: 4384.
Memory consumption went from 91.9 MB to 91.1 MB.
Total: 19.927200 ms (FindLiveObjects: 0.674600 ms CreateObjectMapping: 0.685300 ms MarkObjects: 16.095900 ms  DeleteObjects: 2.469500 ms)

Prepare: number of updated asset objects reloaded= 0
========================================================================
Received Import Request.
  Time since last request: 18.161299 seconds.
  path: Assets/3Dynamite/Real Ivy
  artifactKey: Guid(709fce891053e254e9d5a2c8a496fad2) Importer(815301076,1909f56bfc062723c751e8b465ee728b)
Start importing Assets/3Dynamite/Real Ivy using Guid(709fce891053e254e9d5a2c8a496fad2) Importer(815301076,1909f56bfc062723c751e8b465ee728b) (PreviewImporter) -> (artifact id: '3da1637d4dc166289b514b5f6f54ce90') in 0.0055797 seconds
Number of updated asset objects reloaded before import = 0Number of asset objects unloaded after import = 0

========================================================================
Received Import Request.
  Time since last request: 2.311261 seconds.
  path: Assets/3Dynamite/Real Ivy/Prefabs
  artifactKey: Guid(dd50223df21413f4d8676ead5f522e8d) Importer(815301076,1909f56bfc062723c751e8b465ee728b)
Start importing Assets/3Dynamite/Real Ivy/Prefabs using Guid(dd50223df21413f4d8676ead5f522e8d) Importer(815301076,1909f56bfc062723c751e8b465ee728b) (PreviewImporter) -> (artifact id: '50d647302296a1a1cc4014efc8614785') in 0.00091 seconds
Number of updated asset objects reloaded before import = 0Number of asset objects unloaded after import = 0

========================================================================
Received Import Request.
  Time since last request: 0.169304 seconds.
  path: Assets/3Dynamite/Real Ivy/Prefabs/PooleableIvy.prefab
  artifactKey: Guid(53a9d2d116ab83a4a9ff15aca0d8215a) Importer(815301076,1909f56bfc062723c751e8b465ee728b)
Start importing Assets/3Dynamite/Real Ivy/Prefabs/PooleableIvy.prefab using Guid(53a9d2d116ab83a4a9ff15aca0d8215a) Importer(815301076,1909f56bfc062723c751e8b465ee728b) (PreviewImporter) -> (artifact id: '2b9dfc34d0cff382c3a3aee68afefe76') in 0.0056779 seconds
Number of updated asset objects reloaded before import = 0Number of asset objects unloaded after import = 12

========================================================================
Received Import Request.
  Time since last request: 46.955627 seconds.
  path: Assets/3Dynamite/Real Ivy/DefaultPresets
  artifactKey: Guid(12b7b72174dd29d4aad94bb1c66f2c17) Importer(815301076,1909f56bfc062723c751e8b465ee728b)
Start importing Assets/3Dynamite/Real Ivy/DefaultPresets using Guid(12b7b72174dd29d4aad94bb1c66f2c17) Importer(815301076,1909f56bfc062723c751e8b465ee728b) (PreviewImporter) -> (artifact id: '83edb55271563426828caecc035e1f83') in 0.0022342 seconds
Number of updated asset objects reloaded before import = 0Number of asset objects unloaded after import = 0

========================================================================
Received Import Request.
  Time since last request: 0.287455 seconds.
  path: Assets/3Dynamite/Real Ivy/DefaultPresets/Atlased_Leves_Example.asset
  artifactKey: Guid(bfd9c3ab477c6ff47913caf2e101c685) Importer(815301076,1909f56bfc062723c751e8b465ee728b)
Start importing Assets/3Dynamite/Real Ivy/DefaultPresets/Atlased_Leves_Example.asset using Guid(bfd9c3ab477c6ff47913caf2e101c685) Importer(815301076,1909f56bfc062723c751e8b465ee728b) (PreviewImporter) -> (artifact id: '90d3dfe5944a357c78b194e169baed91') in 0.0037854 seconds
Number of updated asset objects reloaded before import = 0Number of asset objects unloaded after import = 1

========================================================================
Received Import Request.
  Time since last request: 0.011868 seconds.
  path: Assets/3Dynamite/Real Ivy/DefaultPresets/Low_Poly_Example.asset
  artifactKey: Guid(7b387ffc923c1784ebdd59864b3d0e6b) Importer(815301076,1909f56bfc062723c751e8b465ee728b)
Start importing Assets/3Dynamite/Real Ivy/DefaultPresets/Low_Poly_Example.asset using Guid(7b387ffc923c1784ebdd59864b3d0e6b) Importer(815301076,1909f56bfc062723c751e8b465ee728b) (PreviewImporter) -> (artifact id: 'bc0088217c35b7873a6daa7bccb31f4b') in 0.0046592 seconds
Number of updated asset objects reloaded before import = 0Number of asset objects unloaded after import = 1

========================================================================
Received Import Request.
  Time since last request: 0.000881 seconds.
  path: Assets/3Dynamite/Real Ivy/DefaultPresets/Preset_02.asset
  artifactKey: Guid(d022a91abdaf78e429b3aa20f69127dd) Importer(815301076,1909f56bfc062723c751e8b465ee728b)
Start importing Assets/3Dynamite/Real Ivy/DefaultPresets/Preset_02.asset using Guid(d022a91abdaf78e429b3aa20f69127dd) Importer(815301076,1909f56bfc062723c751e8b465ee728b) (PreviewImporter) -> (artifact id: 'd5b06e69d8feb227ae0756b7cbf2f30e') in 0.0063837 seconds
Number of updated asset objects reloaded before import = 0Number of asset objects unloaded after import = 1

========================================================================
Received Import Request.
  Time since last request: 0.000055 seconds.
  path: Assets/3Dynamite/Real Ivy/DefaultPresets/Preset_03.asset
  artifactKey: Guid(31808a705d5e98f43804c0b8f33ddbf5) Importer(815301076,1909f56bfc062723c751e8b465ee728b)
Start importing Assets/3Dynamite/Real Ivy/DefaultPresets/Preset_03.asset using Guid(31808a705d5e98f43804c0b8f33ddbf5) Importer(815301076,1909f56bfc062723c751e8b465ee728b) (PreviewImporter) -> (artifact id: '976c572ecc43c3ef80b5ba26565cd68a') in 0.0076358 seconds
Number of updated asset objects reloaded before import = 0Number of asset objects unloaded after import = 1

========================================================================
Received Import Request.
  Time since last request: 0.000077 seconds.
  path: Assets/3Dynamite/Real Ivy/DefaultPresets/Preset_05.asset
  artifactKey: Guid(9aff5b1f902a6c642b16413406bc2be8) Importer(815301076,1909f56bfc062723c751e8b465ee728b)
Start importing Assets/3Dynamite/Real Ivy/DefaultPresets/Preset_05.asset using Guid(9aff5b1f902a6c642b16413406bc2be8) Importer(815301076,1909f56bfc062723c751e8b465ee728b) (PreviewImporter) -> (artifact id: 'ec8e0635057311b6549d5fc03074731f') in 0.0063781 seconds
Number of updated asset objects reloaded before import = 0Number of asset objects unloaded after import = 1

========================================================================
Received Import Request.
  Time since last request: 0.000126 seconds.
  path: Assets/3Dynamite/Real Ivy/DefaultPresets/Preset_06.asset
  artifactKey: Guid(b3c1a282e601f584485e731465dd38fb) Importer(815301076,1909f56bfc062723c751e8b465ee728b)
Start importing Assets/3Dynamite/Real Ivy/DefaultPresets/Preset_06.asset using Guid(b3c1a282e601f584485e731465dd38fb) Importer(815301076,1909f56bfc062723c751e8b465ee728b) (PreviewImporter) -> (artifact id: '8e000ea729b796d502d19ea7fd83d528') in 0.0044209 seconds
Number of updated asset objects reloaded before import = 0Number of asset objects unloaded after import = 1

========================================================================
Received Import Request.
  Time since last request: 5.620097 seconds.
  path: Assets/3Dynamite/Real Ivy/GuiSkins/RealIvyWindow.guiskin
  artifactKey: Guid(b0545e8c97ca8684182a76c2fb22c7ff) Importer(815301076,1909f56bfc062723c751e8b465ee728b)
Start importing Assets/3Dynamite/Real Ivy/GuiSkins/RealIvyWindow.guiskin using Guid(b0545e8c97ca8684182a76c2fb22c7ff) Importer(815301076,1909f56bfc062723c751e8b465ee728b) (PreviewImporter) -> (artifact id: '62b3eba49478c79242bcaffbc9e2f3be') in 0.0240485 seconds
Number of updated asset objects reloaded before import = 0Number of asset objects unloaded after import = 1

========================================================================
Received Prepare
Refreshing native plugins compatible for Editor in 2.63 ms, found 3 plugins.
Preloading 0 native plugins for Editor in 0.00 ms.
Unloading 0 Unused Serialized files (Serialized files now loaded: 0)
Unloading 3760 unused Assets / (0.8 MB). Loaded Objects now: 4326.
Memory consumption went from 91.8 MB to 91.0 MB.
Total: 21.477200 ms (FindLiveObjects: 0.597800 ms CreateObjectMapping: 0.492300 ms MarkObjects: 16.976000 ms  DeleteObjects: 3.407700 ms)

Prepare: number of updated asset objects reloaded= 4
========================================================================
Received Import Request.
  Time since last request: 520.176572 seconds.
  path: Assets/TextMesh Pro/Examples & Extras
  artifactKey: Guid(a034d0379e980eb4b8b182920efc4632) Importer(815301076,1909f56bfc062723c751e8b465ee728b)
Start importing Assets/TextMesh Pro/Examples & Extras using Guid(a034d0379e980eb4b8b182920efc4632) Importer(815301076,1909f56bfc062723c751e8b465ee728b) (PreviewImporter) -> (artifact id: 'c094b61c7ad5ae2e6ce41b28c315a8bf') in 0.0046106 seconds
Number of updated asset objects reloaded before import = 0Number of asset objects unloaded after import = 0

========================================================================
Received Import Request.
  Time since last request: 1.967812 seconds.
  path: Assets/TextMesh Pro/Examples & Extras/Prefabs
  artifactKey: Guid(8440d9f50a1e9904b8974e3c0b608628) Importer(815301076,1909f56bfc062723c751e8b465ee728b)
Start importing Assets/TextMesh Pro/Examples & Extras/Prefabs using Guid(8440d9f50a1e9904b8974e3c0b608628) Importer(815301076,1909f56bfc062723c751e8b465ee728b) (PreviewImporter) -> (artifact id: '1c82a3e495efebb93040385bc995c31a') in 0.015227 seconds
Number of updated asset objects reloaded before import = 0Number of asset objects unloaded after import = 0

========================================================================
Received Import Request.
  Time since last request: 0.155533 seconds.
  path: Assets/TextMesh Pro/Examples & Extras/Prefabs/Text Popup.prefab
  artifactKey: Guid(b06f0e6c1dfa4356ac918da1bb32c603) Importer(815301076,1909f56bfc062723c751e8b465ee728b)
Start importing Assets/TextMesh Pro/Examples & Extras/Prefabs/Text Popup.prefab using Guid(b06f0e6c1dfa4356ac918da1bb32c603) Importer(815301076,1909f56bfc062723c751e8b465ee728b) (PreviewImporter) -> (artifact id: '8491da790185c29930888912f7eb632b') in 0.2442449 seconds
Number of updated asset objects reloaded before import = 0Number of asset objects unloaded after import = 21

========================================================================
Received Import Request.
  Time since last request: 13.061262 seconds.
  path: Assets/Thuja Plants Nature Asset/Prefabs
  artifactKey: Guid(0c549a911d0d73b42a65fd80d6dbae37) Importer(815301076,1909f56bfc062723c751e8b465ee728b)
Start importing Assets/Thuja Plants Nature Asset/Prefabs using Guid(0c549a911d0d73b42a65fd80d6dbae37) Importer(815301076,1909f56bfc062723c751e8b465ee728b) (PreviewImporter) -> (artifact id: '0952f9cda55dd0423017d9c71e3316cb') in 0.0009322 seconds
Number of updated asset objects reloaded before import = 0Number of asset objects unloaded after import = 0

========================================================================
Received Import Request.
  Time since last request: 0.141131 seconds.
  path: Assets/Thuja Plants Nature Asset/Prefabs/thuja 1.prefab
  artifactKey: Guid(fa7182aca3f751842968764cfd9d8a33) Importer(815301076,1909f56bfc062723c751e8b465ee728b)
Start importing Assets/Thuja Plants Nature Asset/Prefabs/thuja 1.prefab using Guid(fa7182aca3f751842968764cfd9d8a33) Importer(815301076,1909f56bfc062723c751e8b465ee728b) (PreviewImporter) -> (artifact id: '87a78a60db55ed1d49c2305e23790915') in 0.0059135 seconds
Number of updated asset objects reloaded before import = 0Number of asset objects unloaded after import = 6

========================================================================
Received Import Request.
  Time since last request: 0.000134 seconds.
  path: Assets/Thuja Plants Nature Asset/Prefabs/thuja 5.prefab
  artifactKey: Guid(8114d2d8cea3e5d4ab0a14e66061f155) Importer(815301076,1909f56bfc062723c751e8b465ee728b)
Start importing Assets/Thuja Plants Nature Asset/Prefabs/thuja 5.prefab using Guid(8114d2d8cea3e5d4ab0a14e66061f155) Importer(815301076,1909f56bfc062723c751e8b465ee728b) (PreviewImporter) -> (artifact id: 'aa78c09eea38646720ef8410f36686de') in 0.0051154 seconds
Number of updated asset objects reloaded before import = 0Number of asset objects unloaded after import = 6

========================================================================
Received Import Request.
  Time since last request: 0.000175 seconds.
  path: Assets/Thuja Plants Nature Asset/Prefabs/thuja 8.prefab
  artifactKey: Guid(0adb938b8ed20734ba8982a02ad8f8fd) Importer(815301076,1909f56bfc062723c751e8b465ee728b)
Start importing Assets/Thuja Plants Nature Asset/Prefabs/thuja 8.prefab using Guid(0adb938b8ed20734ba8982a02ad8f8fd) Importer(815301076,1909f56bfc062723c751e8b465ee728b) (PreviewImporter) -> (artifact id: 'b0b0ac50a05bc65e0163148b5b2bfc84') in 0.006291 seconds
Number of updated asset objects reloaded before import = 0Number of asset objects unloaded after import = 6

========================================================================
Received Import Request.
  Time since last request: 0.000032 seconds.
  path: Assets/Thuja Plants Nature Asset/Prefabs/thuja 14.prefab
  artifactKey: Guid(7ab182c7f940a7449b96af73e9d963e6) Importer(815301076,1909f56bfc062723c751e8b465ee728b)
Start importing Assets/Thuja Plants Nature Asset/Prefabs/thuja 14.prefab using Guid(7ab182c7f940a7449b96af73e9d963e6) Importer(815301076,1909f56bfc062723c751e8b465ee728b) (PreviewImporter) -> (artifact id: '3aca513bf5a9cb7e24bd8015b61c8053') in 0.0065393 seconds
Number of updated asset objects reloaded before import = 0Number of asset objects unloaded after import = 6

========================================================================
Received Import Request.
  Time since last request: 0.000040 seconds.
  path: Assets/Thuja Plants Nature Asset/Prefabs/thuja 17.prefab
  artifactKey: Guid(acd72e999ce90db4285a10558bbfc1e4) Importer(815301076,1909f56bfc062723c751e8b465ee728b)
Start importing Assets/Thuja Plants Nature Asset/Prefabs/thuja 17.prefab using Guid(acd72e999ce90db4285a10558bbfc1e4) Importer(815301076,1909f56bfc062723c751e8b465ee728b) (PreviewImporter) -> (artifact id: '58e6416c7dbdaa201b2674952495db5e') in 0.007109 seconds
Number of updated asset objects reloaded before import = 0Number of asset objects unloaded after import = 6

========================================================================
Received Import Request.
  Time since last request: 0.000036 seconds.
  path: Assets/Thuja Plants Nature Asset/Prefabs/thuja 4.prefab
  artifactKey: Guid(c1b80ba65c95dda43b1c08430ad02c3c) Importer(815301076,1909f56bfc062723c751e8b465ee728b)
Start importing Assets/Thuja Plants Nature Asset/Prefabs/thuja 4.prefab using Guid(c1b80ba65c95dda43b1c08430ad02c3c) Importer(815301076,1909f56bfc062723c751e8b465ee728b) (PreviewImporter) -> (artifact id: '4150d87fe1c16c0355d4e5e995d01357') in 0.0050411 seconds
Number of updated asset objects reloaded before import = 0Number of asset objects unloaded after import = 6

========================================================================
Received Import Request.
  Time since last request: 0.000061 seconds.
  path: Assets/Thuja Plants Nature Asset/Prefabs/thuja 16.prefab
  artifactKey: Guid(9861b40e33fccf04e9191b71e9c3cdf8) Importer(815301076,1909f56bfc062723c751e8b465ee728b)
Start importing Assets/Thuja Plants Nature Asset/Prefabs/thuja 16.prefab using Guid(9861b40e33fccf04e9191b71e9c3cdf8) Importer(815301076,1909f56bfc062723c751e8b465ee728b) (PreviewImporter) -> (artifact id: '6bf5a8381addcbbf48fd175e69fa60b8') in 0.0042766 seconds
Number of updated asset objects reloaded before import = 0Number of asset objects unloaded after import = 6

========================================================================
Received Import Request.
  Time since last request: 0.000263 seconds.
  path: Assets/Thuja Plants Nature Asset/Prefabs/thuja 6.prefab
  artifactKey: Guid(abdf5e438cd8f114f9a3747b5e7bb061) Importer(815301076,1909f56bfc062723c751e8b465ee728b)
Start importing Assets/Thuja Plants Nature Asset/Prefabs/thuja 6.prefab using Guid(abdf5e438cd8f114f9a3747b5e7bb061) Importer(815301076,1909f56bfc062723c751e8b465ee728b) (PreviewImporter) -> (artifact id: '3defb939e86255184f5a258d422d0374') in 0.0063814 seconds
Number of updated asset objects reloaded before import = 0Number of asset objects unloaded after import = 6

========================================================================
Received Import Request.
  Time since last request: 0.000169 seconds.
  path: Assets/Thuja Plants Nature Asset/Prefabs/thuja 7.prefab
  artifactKey: Guid(a34704ca973509a478e3bbf3ee9b7c88) Importer(815301076,1909f56bfc062723c751e8b465ee728b)
Start importing Assets/Thuja Plants Nature Asset/Prefabs/thuja 7.prefab using Guid(a34704ca973509a478e3bbf3ee9b7c88) Importer(815301076,1909f56bfc062723c751e8b465ee728b) (PreviewImporter) -> (artifact id: '9ba6a4d20547dfcc86f704dd54ef8262') in 0.0056974 seconds
Number of updated asset objects reloaded before import = 0Number of asset objects unloaded after import = 6

========================================================================
Received Import Request.
  Time since last request: 0.000100 seconds.
  path: Assets/Thuja Plants Nature Asset/Prefabs/thuja 10.prefab
  artifactKey: Guid(c137da34032a5f34192bd2496bdd6dee) Importer(815301076,1909f56bfc062723c751e8b465ee728b)
Start importing Assets/Thuja Plants Nature Asset/Prefabs/thuja 10.prefab using Guid(c137da34032a5f34192bd2496bdd6dee) Importer(815301076,1909f56bfc062723c751e8b465ee728b) (PreviewImporter) -> (artifact id: '6ebcf9879e7b3e8c237a6ea64e11771a') in 0.0090362 seconds
Number of updated asset objects reloaded before import = 0Number of asset objects unloaded after import = 6

========================================================================
Received Import Request.
  Time since last request: 0.000052 seconds.
  path: Assets/Thuja Plants Nature Asset/Prefabs/thuja 9.prefab
  artifactKey: Guid(d38313d1ed99b1e4b86f453e2d48f84a) Importer(815301076,1909f56bfc062723c751e8b465ee728b)
Start importing Assets/Thuja Plants Nature Asset/Prefabs/thuja 9.prefab using Guid(d38313d1ed99b1e4b86f453e2d48f84a) Importer(815301076,1909f56bfc062723c751e8b465ee728b) (PreviewImporter) -> (artifact id: '84c90ed380585c970760d5b40e4bf752') in 0.006033 seconds
Number of updated asset objects reloaded before import = 0Number of asset objects unloaded after import = 6

========================================================================
Received Import Request.
  Time since last request: 16.584825 seconds.
  path: Assets/Thuja Plants Nature Asset/Prefabs/variations
  artifactKey: Guid(07285e4f85f9e3f4590f9684e1ee6af4) Importer(815301076,1909f56bfc062723c751e8b465ee728b)
Start importing Assets/Thuja Plants Nature Asset/Prefabs/variations using Guid(07285e4f85f9e3f4590f9684e1ee6af4) Importer(815301076,1909f56bfc062723c751e8b465ee728b) (PreviewImporter) -> (artifact id: '628e2e0654cf230cd9d2090581320c16') in 0.0009101 seconds
Number of updated asset objects reloaded before import = 0Number of asset objects unloaded after import = 0

========================================================================
Received Import Request.
  Time since last request: 42.519300 seconds.
  path: Assets/klen/Prefab
  artifactKey: Guid(d3a9fef97bd564446bf5d9285a37be99) Importer(815301076,1909f56bfc062723c751e8b465ee728b)
Start importing Assets/klen/Prefab using Guid(d3a9fef97bd564446bf5d9285a37be99) Importer(815301076,1909f56bfc062723c751e8b465ee728b) (PreviewImporter) -> (artifact id: 'cf0ffe6038a3ed4742403b3a87788a65') in 0.0011797 seconds
Number of updated asset objects reloaded before import = 0Number of asset objects unloaded after import = 0

========================================================================
Received Import Request.
  Time since last request: 0.033279 seconds.
  path: Assets/klen/Prefab/Maple_468Poly.prefab
  artifactKey: Guid(5fba1b0c27ab5fe4888bf051c5438a80) Importer(815301076,1909f56bfc062723c751e8b465ee728b)
Start importing Assets/klen/Prefab/Maple_468Poly.prefab using Guid(5fba1b0c27ab5fe4888bf051c5438a80) Importer(815301076,1909f56bfc062723c751e8b465ee728b) (PreviewImporter) -> (artifact id: '9b89a8b4a8ebfbcfa039b95c7e460660') in 0.0092286 seconds
Number of updated asset objects reloaded before import = 0Number of asset objects unloaded after import = 12

========================================================================
Received Import Request.
  Time since last request: 0.000025 seconds.
  path: Assets/klen/Prefab/Maple_8631Poly.prefab
  artifactKey: Guid(35561ca73af3a7c4898756735f464857) Importer(815301076,1909f56bfc062723c751e8b465ee728b)
Start importing Assets/klen/Prefab/Maple_8631Poly.prefab using Guid(35561ca73af3a7c4898756735f464857) Importer(815301076,1909f56bfc062723c751e8b465ee728b) (PreviewImporter) -> (artifact id: 'acc7d69e13e3609b0fa1b96868e8f719') in 0.0049623 seconds
Number of updated asset objects reloaded before import = 0Number of asset objects unloaded after import = 56

========================================================================
Received Import Request.
  Time since last request: 0.000049 seconds.
  path: Assets/klen/Prefab/Maple_10605poly.prefab
  artifactKey: Guid(223e653109a281b498ebb2761e94ae1f) Importer(815301076,1909f56bfc062723c751e8b465ee728b)
Start importing Assets/klen/Prefab/Maple_10605poly.prefab using Guid(223e653109a281b498ebb2761e94ae1f) Importer(815301076,1909f56bfc062723c751e8b465ee728b) (PreviewImporter) -> (artifact id: 'e2e445d2597822eb846b932b618c3b4c') in 0.0051023 seconds
Number of updated asset objects reloaded before import = 0Number of asset objects unloaded after import = 56

========================================================================
Received Import Request.
  Time since last request: 0.000029 seconds.
  path: Assets/klen/Prefab/Maple_5423poly.prefab
  artifactKey: Guid(9cb1cd7345680be4fb1561ee1020c61b) Importer(815301076,1909f56bfc062723c751e8b465ee728b)
Start importing Assets/klen/Prefab/Maple_5423poly.prefab using Guid(9cb1cd7345680be4fb1561ee1020c61b) Importer(815301076,1909f56bfc062723c751e8b465ee728b) (PreviewImporter) -> (artifact id: 'af96bdf342bd1ce740827f4efb446f32') in 0.0068538 seconds
Number of updated asset objects reloaded before import = 0Number of asset objects unloaded after import = 52

========================================================================
Received Import Request.
  Time since last request: 0.000352 seconds.
  path: Assets/klen/Prefab/Maple_7281poly.prefab
  artifactKey: Guid(ed94a5331bd9afd47b50e26dce5d40de) Importer(815301076,1909f56bfc062723c751e8b465ee728b)
Start importing Assets/klen/Prefab/Maple_7281poly.prefab using Guid(ed94a5331bd9afd47b50e26dce5d40de) Importer(815301076,1909f56bfc062723c751e8b465ee728b) (PreviewImporter) -> (artifact id: 'd59ff437d8635698fdd0bcafde948274') in 0.0076196 seconds
Number of updated asset objects reloaded before import = 0Number of asset objects unloaded after import = 48

========================================================================
Received Prepare
Refreshing native plugins compatible for Editor in 2.58 ms, found 3 plugins.
Preloading 0 native plugins for Editor in 0.00 ms.
Unloading 0 Unused Serialized files (Serialized files now loaded: 0)
Unloading 3761 unused Assets / (1.1 MB). Loaded Objects now: 4322.
Memory consumption went from 91.3 MB to 90.2 MB.
Total: 313.077800 ms (FindLiveObjects: 3.722200 ms CreateObjectMapping: 0.403900 ms MarkObjects: 305.201300 ms  DeleteObjects: 3.745900 ms)

Prepare: number of updated asset objects reloaded= 0
========================================================================
Received Prepare
Refreshing native plugins compatible for Editor in 3.60 ms, found 3 plugins.
Preloading 0 native plugins for Editor in 0.00 ms.
Unloading 0 Unused Serialized files (Serialized files now loaded: 0)
Unloading 3760 unused Assets / (1.3 MB). Loaded Objects now: 4322.
Memory consumption went from 91.3 MB to 90.0 MB.
Total: 24.683200 ms (FindLiveObjects: 0.761100 ms CreateObjectMapping: 0.636400 ms MarkObjects: 19.377400 ms  DeleteObjects: 3.904100 ms)

Prepare: number of updated asset objects reloaded= 0
========================================================================
Received Prepare
Refreshing native plugins compatible for Editor in 3.52 ms, found 3 plugins.
Preloading 0 native plugins for Editor in 0.00 ms.
Unloading 0 Unused Serialized files (Serialized files now loaded: 0)
Unloading 3760 unused Assets / (1.9 MB). Loaded Objects now: 4322.
Memory consumption went from 91.3 MB to 89.4 MB.
Total: 21.462600 ms (FindLiveObjects: 0.832900 ms CreateObjectMapping: 0.708200 ms MarkObjects: 15.641700 ms  DeleteObjects: 4.275500 ms)

Prepare: number of updated asset objects reloaded= 0
========================================================================
Received Prepare
Begin MonoManager ReloadAssembly
- Loaded All Assemblies, in  5.438 seconds
Refreshing native plugins compatible for Editor in 1.57 ms, found 3 plugins.
Native extension for Android target not found
Native extension for WindowsStandalone target not found
Mono: successfully reloaded assembly
- Finished resetting the current domain, in  0.989 seconds
Domain Reload Profiling: 6429ms
	BeginReloadAssembly (2124ms)
		ExecutionOrderSort (0ms)
		DisableScriptedObjects (344ms)
		BackupInstance (0ms)
		ReleaseScriptingObjects (2ms)
		CreateAndSetChildDomain (789ms)
	RebuildCommonClasses (62ms)
	RebuildNativeTypeToScriptingClass (18ms)
	initialDomainReloadingComplete (57ms)
	LoadAllAssembliesAndSetupDomain (3177ms)
		LoadAssemblies (3049ms)
		RebuildTransferFunctionScriptingTraits (0ms)
		AnalyzeDomain (498ms)
			TypeCache.Refresh (59ms)
				TypeCache.ScanAssembly (3ms)
			BuildScriptInfoCaches (404ms)
			ResolveRequiredComponents (12ms)
	FinalizeReload (990ms)
		ReleaseScriptCaches (0ms)
		RebuildScriptCaches (0ms)
		SetupLoadedEditorAssemblies (793ms)
			LogAssemblyErrors (0ms)
			InitializePlatformSupportModulesInManaged (18ms)
			SetLoadedEditorAssemblies (8ms)
			BeforeProcessingInitializeOnLoad (179ms)
			ProcessInitializeOnLoadAttributes (538ms)
			ProcessInitializeOnLoadMethodAttributes (42ms)
			AfterProcessingInitializeOnLoad (7ms)
			EditorAssembliesLoaded (0ms)
		ExecutionOrderSort2 (0ms)
		AwakeInstancesAfterBackupRestoration (9ms)
Refreshing native plugins compatible for Editor in 2.33 ms, found 3 plugins.
Preloading 0 native plugins for Editor in 0.00 ms.
Unloading 1 Unused Serialized files (Serialized files now loaded: 0)
Unloading 3767 unused Assets / (1.0 MB). Loaded Objects now: 4322.
Memory consumption went from 92.3 MB to 91.3 MB.
Total: 8.668000 ms (FindLiveObjects: 0.521800 ms CreateObjectMapping: 0.412200 ms MarkObjects: 6.211200 ms  DeleteObjects: 1.519800 ms)

Prepare: number of updated asset objects reloaded= 0
========================================================================
Received Prepare
Begin MonoManager ReloadAssembly
- Loaded All Assemblies, in  1.823 seconds
Refreshing native plugins compatible for Editor in 2.74 ms, found 3 plugins.
Native extension for Android target not found
Native extension for WindowsStandalone target not found
Mono: successfully reloaded assembly
- Finished resetting the current domain, in  2.182 seconds
Domain Reload Profiling: 4002ms
	BeginReloadAssembly (491ms)
		ExecutionOrderSort (0ms)
		DisableScriptedObjects (24ms)
		BackupInstance (0ms)
		ReleaseScriptingObjects (0ms)
		CreateAndSetChildDomain (94ms)
	RebuildCommonClasses (155ms)
	RebuildNativeTypeToScriptingClass (35ms)
	initialDomainReloadingComplete (79ms)
	LoadAllAssembliesAndSetupDomain (1058ms)
		LoadAssemblies (945ms)
		RebuildTransferFunctionScriptingTraits (0ms)
		AnalyzeDomain (374ms)
			TypeCache.Refresh (12ms)
				TypeCache.ScanAssembly (0ms)
			BuildScriptInfoCaches (340ms)
			ResolveRequiredComponents (15ms)
	FinalizeReload (2184ms)
		ReleaseScriptCaches (0ms)
		RebuildScriptCaches (0ms)
		SetupLoadedEditorAssemblies (1822ms)
			LogAssemblyErrors (1ms)
			InitializePlatformSupportModulesInManaged (34ms)
			SetLoadedEditorAssemblies (12ms)
			BeforeProcessingInitializeOnLoad (720ms)
			ProcessInitializeOnLoadAttributes (973ms)
			ProcessInitializeOnLoadMethodAttributes (65ms)
			AfterProcessingInitializeOnLoad (16ms)
			EditorAssembliesLoaded (1ms)
		ExecutionOrderSort2 (0ms)
		AwakeInstancesAfterBackupRestoration (17ms)
Refreshing native plugins compatible for Editor in 4.88 ms, found 3 plugins.
Preloading 0 native plugins for Editor in 0.00 ms.
Unloading 0 Unused Serialized files (Serialized files now loaded: 0)
Unloading 3767 unused Assets / (0.7 MB). Loaded Objects now: 4322.
Memory consumption went from 92.2 MB to 91.5 MB.
Total: 27.790200 ms (FindLiveObjects: 1.398100 ms CreateObjectMapping: 1.910800 ms MarkObjects: 18.755500 ms  DeleteObjects: 5.721700 ms)

Prepare: number of updated asset objects reloaded= 0
========================================================================
Received Prepare
Begin MonoManager ReloadAssembly
- Loaded All Assemblies, in  1.292 seconds
Refreshing native plugins compatible for Editor in 2.12 ms, found 3 plugins.
Native extension for Android target not found
Native extension for WindowsStandalone target not found
Mono: successfully reloaded assembly
- Finished resetting the current domain, in  1.355 seconds
Domain Reload Profiling: 2646ms
	BeginReloadAssembly (363ms)
		ExecutionOrderSort (0ms)
		DisableScriptedObjects (11ms)
		BackupInstance (0ms)
		ReleaseScriptingObjects (0ms)
		CreateAndSetChildDomain (68ms)
	RebuildCommonClasses (63ms)
	RebuildNativeTypeToScriptingClass (22ms)
	initialDomainReloadingComplete (40ms)
	LoadAllAssembliesAndSetupDomain (803ms)
		LoadAssemblies (732ms)
		RebuildTransferFunctionScriptingTraits (0ms)
		AnalyzeDomain (272ms)
			TypeCache.Refresh (18ms)
				TypeCache.ScanAssembly (2ms)
			BuildScriptInfoCaches (236ms)
			ResolveRequiredComponents (12ms)
	FinalizeReload (1356ms)
		ReleaseScriptCaches (0ms)
		RebuildScriptCaches (0ms)
		SetupLoadedEditorAssemblies (978ms)
			LogAssemblyErrors (0ms)
			InitializePlatformSupportModulesInManaged (27ms)
			SetLoadedEditorAssemblies (6ms)
			BeforeProcessingInitializeOnLoad (262ms)
			ProcessInitializeOnLoadAttributes (643ms)
			ProcessInitializeOnLoadMethodAttributes (33ms)
			AfterProcessingInitializeOnLoad (7ms)
			EditorAssembliesLoaded (0ms)
		ExecutionOrderSort2 (0ms)
		AwakeInstancesAfterBackupRestoration (9ms)
Refreshing native plugins compatible for Editor in 2.07 ms, found 3 plugins.
Preloading 0 native plugins for Editor in 0.00 ms.
Unloading 0 Unused Serialized files (Serialized files now loaded: 0)
Unloading 3768 unused Assets / (0.9 MB). Loaded Objects now: 4323.
Memory consumption went from 92.3 MB to 91.4 MB.
Total: 7.138000 ms (FindLiveObjects: 0.847900 ms CreateObjectMapping: 0.339000 ms MarkObjects: 4.597500 ms  DeleteObjects: 1.351200 ms)

Prepare: number of updated asset objects reloaded= 0
========================================================================
Received Prepare
Begin MonoManager ReloadAssembly
- Loaded All Assemblies, in  1.035 seconds
Refreshing native plugins compatible for Editor in 1.60 ms, found 3 plugins.
Native extension for Android target not found
Native extension for WindowsStandalone target not found
Mono: successfully reloaded assembly
- Finished resetting the current domain, in  0.979 seconds
Domain Reload Profiling: 2014ms
	BeginReloadAssembly (343ms)
		ExecutionOrderSort (0ms)
		DisableScriptedObjects (11ms)
		BackupInstance (0ms)
		ReleaseScriptingObjects (0ms)
		CreateAndSetChildDomain (72ms)
	RebuildCommonClasses (53ms)
	RebuildNativeTypeToScriptingClass (18ms)
	initialDomainReloadingComplete (45ms)
	LoadAllAssembliesAndSetupDomain (575ms)
		LoadAssemblies (529ms)
		RebuildTransferFunctionScriptingTraits (0ms)
		AnalyzeDomain (228ms)
			TypeCache.Refresh (9ms)
				TypeCache.ScanAssembly (0ms)
			BuildScriptInfoCaches (206ms)
			ResolveRequiredComponents (7ms)
	FinalizeReload (980ms)
		ReleaseScriptCaches (0ms)
		RebuildScriptCaches (0ms)
		SetupLoadedEditorAssemblies (785ms)
			LogAssemblyErrors (0ms)
			InitializePlatformSupportModulesInManaged (17ms)
			SetLoadedEditorAssemblies (6ms)
			BeforeProcessingInitializeOnLoad (182ms)
			ProcessInitializeOnLoadAttributes (532ms)
			ProcessInitializeOnLoadMethodAttributes (39ms)
			AfterProcessingInitializeOnLoad (9ms)
			EditorAssembliesLoaded (0ms)
		ExecutionOrderSort2 (0ms)
		AwakeInstancesAfterBackupRestoration (13ms)
Refreshing native plugins compatible for Editor in 1.68 ms, found 3 plugins.
Preloading 0 native plugins for Editor in 0.00 ms.
Unloading 0 Unused Serialized files (Serialized files now loaded: 0)
Unloading 3768 unused Assets / (1.1 MB). Loaded Objects now: 4323.
Memory consumption went from 92.3 MB to 91.2 MB.
Total: 8.806000 ms (FindLiveObjects: 0.904000 ms CreateObjectMapping: 0.442000 ms MarkObjects: 5.750200 ms  DeleteObjects: 1.707200 ms)

Prepare: number of updated asset objects reloaded= 0
